npm test

> advanced-web@1.0.0 test
> node --experimental-vm-modules ./node_modules/jest/bin/jest.js --coverage

(node:18249) ExperimentalWarning: VM Modules is an experimental feature and might change at any time
(Use `node --trace-warnings ...` to show where the warning was created)
 PASS  tests/reducers.test.js
 PASS  tests/format.test.js
--------------|---------|----------|---------|---------|-------------------
File          | % Stmts | % Branch | % Funcs | % Lines | Uncovered Line #s 
--------------|---------|----------|---------|---------|-------------------
All files     |   53.84 |    33.33 |      75 |      50 |                   
 store        |      40 |    15.38 |   66.66 |      40 |                   
  reducers.js |      40 |    15.38 |   66.66 |      40 | 3,12,16-18,27-29  
 utils        |     100 |       80 |     100 |     100 |                   
  format.js   |     100 |       80 |     100 |     100 | 4                 
--------------|---------|----------|---------|---------|-------------------

Test Suites: 2 passed, 2 total
Tests:       4 passed, 4 total
Snapshots:   0 total
Time:        0.383 s, estimated 1 s
Ran all test suites.