<?xml version="1.0" encoding="UTF-8"?>
<coverage generated="1763748841145" clover="3.2.0">
  <project timestamp="1763748841145" name="All files">
    <metrics statements="12" coveredstatements="6" conditionals="18" coveredconditionals="6" methods="4" coveredmethods="3" elements="34" coveredelements="15" complexity="0" loc="12" ncloc="12" packages="2" files="2" classes="2"/>
    <package name="store">
      <metrics statements="10" coveredstatements="4" conditionals="13" coveredconditionals="2" methods="3" coveredmethods="2"/>
      <file name="reducers.js" path="/Users/Steve/Downloads/advanced_web1/src/store/reducers.js">
        <metrics statements="10" coveredstatements="4" conditionals="13" coveredconditionals="2" methods="3" coveredmethods="2"/>
        <line num="3" count="0" type="stmt"/>
        <line num="10" count="1" type="cond" truecount="1" falsecount="3"/>
        <line num="12" count="0" type="stmt"/>
        <line num="14" count="1" type="stmt"/>
        <line num="16" count="0" type="stmt"/>
        <line num="18" count="0" type="stmt"/>
        <line num="23" count="1" type="cond" truecount="1" falsecount="2"/>
        <line num="25" count="1" type="stmt"/>
        <line num="27" count="0" type="stmt"/>
        <line num="29" count="0" type="stmt"/>
      </file>
    </package>
    <package name="utils">
      <metrics statements="2" coveredstatements="2" conditionals="5" coveredconditionals="4" methods="1" coveredmethods="1"/>
      <file name="format.js" path="/Users/Steve/Downloads/advanced_web1/src/utils/format.js">
        <metrics statements="2" coveredstatements="2" conditionals="5" coveredconditionals="4" methods="1" coveredmethods="1"/>
        <line num="3" count="2" type="cond" truecount="2" falsecount="0"/>
        <line num="4" count="1" type="cond" truecount="1" falsecount="1"/>
      </file>
    </package>
  </project>
</coverage>
