{"/Users/Steve/Downloads/advanced_web1/src/store/reducers.js": {"path":"/Users/Steve/Downloads/advanced_web1/src/store/reducers.js","statementMap":{"0":{"start":{"line":3,"column":2},"end":{"line":6,"column":4}},"1":{"start":{"line":10,"column":2},"end":{"line":19,"column":3}},"2":{"start":{"line":12,"column":6},"end":{"line":12,"column":54}},"3":{"start":{"line":14,"column":6},"end":{"line":14,"column":64}},"4":{"start":{"line":16,"column":6},"end":{"line":16,"column":65}},"5":{"start":{"line":18,"column":6},"end":{"line":18,"column":19}},"6":{"start":{"line":23,"column":2},"end":{"line":30,"column":3}},"7":{"start":{"line":25,"column":6},"end":{"line":25,"column":70}},"8":{"start":{"line":27,"column":6},"end":{"line":27,"column":36}},"9":{"start":{"line":29,"column":6},"end":{"line":29,"column":19}}},"fnMap":{"0":{"name":"rootReducer","decl":{"start":{"line":2,"column":24},"end":{"line":2,"column":35}},"loc":{"start":{"line":2,"column":61},"end":{"line":7,"column":1}},"line":2},"1":{"name":"toursReducer","decl":{"start":{"line":9,"column":16},"end":{"line":9,"column":28}},"loc":{"start":{"line":9,"column":93},"end":{"line":20,"column":1}},"line":9},"2":{"name":"bookingReducer","decl":{"start":{"line":22,"column":16},"end":{"line":22,"column":30}},"loc":{"start":{"line":22,"column":66},"end":{"line":31,"column":1}},"line":22}},"branchMap":{"0":{"loc":{"start":{"line":2,"column":36},"end":{"line":2,"column":46}},"type":"default-arg","locations":[{"start":{"line":2,"column":44},"end":{"line":2,"column":46}}],"line":2},"1":{"loc":{"start":{"line":2,"column":48},"end":{"line":2,"column":59}},"type":"default-arg","locations":[{"start":{"line":2,"column":57},"end":{"line":2,"column":59}}],"line":2},"2":{"loc":{"start":{"line":9,"column":29},"end":{"line":9,"column":78}},"type":"default-arg","locations":[{"start":{"line":9,"column":37},"end":{"line":9,"column":78}}],"line":9},"3":{"loc":{"start":{"line":9,"column":80},"end":{"line":9,"column":91}},"type":"default-arg","locations":[{"start":{"line":9,"column":89},"end":{"line":9,"column":91}}],"line":9},"4":{"loc":{"start":{"line":10,"column":2},"end":{"line":19,"column":3}},"type":"switch","locations":[{"start":{"line":11,"column":4},"end":{"line":12,"column":54}},{"start":{"line":13,"column":4},"end":{"line":14,"column":64}},{"start":{"line":15,"column":4},"end":{"line":16,"column":65}},{"start":{"line":17,"column":4},"end":{"line":18,"column":19}}],"line":10},"5":{"loc":{"start":{"line":22,"column":31},"end":{"line":22,"column":51}},"type":"default-arg","locations":[{"start":{"line":22,"column":39},"end":{"line":22,"column":51}}],"line":22},"6":{"loc":{"start":{"line":22,"column":53},"end":{"line":22,"column":64}},"type":"default-arg","locations":[{"start":{"line":22,"column":62},"end":{"line":22,"column":64}}],"line":22},"7":{"loc":{"start":{"line":23,"column":2},"end":{"line":30,"column":3}},"type":"switch","locations":[{"start":{"line":24,"column":4},"end":{"line":25,"column":70}},{"start":{"line":26,"column":4},"end":{"line":27,"column":36}},{"start":{"line":28,"column":4},"end":{"line":29,"column":19}}],"line":23}},"s":{"0":0,"1":1,"2":0,"3":1,"4":0,"5":0,"6":1,"7":1,"8":0,"9":0},"f":{"0":0,"1":1,"2":1},"b":{"0":[0],"1":[0],"2":[0],"3":[0],"4":[0,1,0,0],"5":[0],"6":[0],"7":[1,0,0]},"inputSourceMap":null,"_coverageSchema":"1a1c01bbd47fc00a2c39e90264f33305004495a9","hash":"9b590f9d45574c3b3018c1315e149be4a9bdd9e9"}
,"/Users/Steve/Downloads/advanced_web1/src/utils/format.js": {"path":"/Users/Steve/Downloads/advanced_web1/src/utils/format.js","statementMap":{"0":{"start":{"line":3,"column":2},"end":{"line":3,"column":42}},"1":{"start":{"line":3,"column":32},"end":{"line":3,"column":42}},"2":{"start":{"line":4,"column":2},"end":{"line":4,"column":65}}},"fnMap":{"0":{"name":"shortText","decl":{"start":{"line":2,"column":16},"end":{"line":2,"column":25}},"loc":{"start":{"line":2,"column":42},"end":{"line":5,"column":1}},"line":2}},"branchMap":{"0":{"loc":{"start":{"line":2,"column":32},"end":{"line":2,"column":40}},"type":"default-arg","locations":[{"start":{"line":2,"column":38},"end":{"line":2,"column":40}}],"line":2},"1":{"loc":{"start":{"line":3,"column":2},"end":{"line":3,"column":42}},"type":"if","locations":[{"start":{"line":3,"column":2},"end":{"line":3,"column":42}},{"start":{},"end":{}}],"line":3},"2":{"loc":{"start":{"line":4,"column":9},"end":{"line":4,"column":64}},"type":"cond-expr","locations":[{"start":{"line":4,"column":29},"end":{"line":4,"column":57}},{"start":{"line":4,"column":60},"end":{"line":4,"column":64}}],"line":4}},"s":{"0":2,"1":1,"2":1},"f":{"0":2},"b":{"0":[1],"1":[1,1],"2":[1,0]},"inputSourceMap":null,"_coverageSchema":"1a1c01bbd47fc00a2c39e90264f33305004495a9","hash":"8902f07f5876150b7e762284cb432c6d2f4ae31d"}
}
