TN:
SF:src/store/reducers.js
FN:2,rootReducer
FN:9,toursReducer
FN:22,bookingReducer
FNF:3
FNH:2
FNDA:0,rootReducer
FNDA:1,toursReducer
FNDA:1,bookingReducer
DA:3,0
DA:10,1
DA:12,0
DA:14,1
DA:16,0
DA:18,0
DA:23,1
DA:25,1
DA:27,0
DA:29,0
LF:10
LH:4
BRDA:2,0,0,0
BRDA:2,1,0,0
BRDA:9,2,0,0
BRDA:9,3,0,0
BRDA:10,4,0,0
BRDA:10,4,1,1
BRDA:10,4,2,0
BRDA:10,4,3,0
BRDA:22,5,0,0
BRDA:22,6,0,0
BRDA:23,7,0,1
BRDA:23,7,1,0
BRDA:23,7,2,0
BRF:13
BRH:2
end_of_record
TN:
SF:src/utils/format.js
FN:2,shortText
FNF:1
FNH:1
FNDA:2,shortText
DA:3,2
DA:4,1
LF:2
LH:2
BRDA:2,0,0,1
BRDA:3,1,0,1
BRDA:3,1,1,1
BRDA:4,2,0,1
BRDA:4,2,1,0
BRF:5
BRH:4
end_of_record
